{"/home/ramanathan/Documents/Contentstack/mongodb-content-driver/src/connection.ts": {"path":"/home/ramanathan/Documents/Contentstack/mongodb-content-driver/src/connection.ts","statementMap":{"0":{"start":{"line":1,"column":0},"end":{"line":1,"column":40}},"1":{"start":{"line":2,"column":0},"end":{"line":2,"column":37}},"2":{"start":{"line":3,"column":0},"end":{"line":3,"column":57}},"3":{"start":{"line":10,"column":16},"end":{"line":14,"column":1}},"4":{"start":{"line":16,"column":26},"end":{"line":16,"column":36}},"5":{"start":{"line":18,"column":13},"end":{"line":45,"column":1}},"6":{"start":{"line":19,"column":2},"end":{"line":44,"column":4}},"7":{"start":{"line":20,"column":4},"end":{"line":43,"column":5}},"8":{"start":{"line":21,"column":6},"end":{"line":23,"column":7}},"9":{"start":{"line":22,"column":8},"end":{"line":22,"column":32}},"10":{"start":{"line":24,"column":26},"end":{"line":24,"column":53}},"11":{"start":{"line":25,"column":6},"end":{"line":25,"column":40}},"12":{"start":{"line":26,"column":28},"end":{"line":26,"column":43}},"13":{"start":{"line":27,"column":21},"end":{"line":27,"column":39}},"14":{"start":{"line":28,"column":22},"end":{"line":28,"column":41}},"15":{"start":{"line":29,"column":21},"end":{"line":29,"column":60}},"16":{"start":{"line":31,"column":6},"end":{"line":40,"column":22}},"17":{"start":{"line":32,"column":8},"end":{"line":32,"column":39}},"18":{"start":{"line":34,"column":8},"end":{"line":39,"column":24}},"19":{"start":{"line":35,"column":10},"end":{"line":35,"column":89}},"20":{"start":{"line":36,"column":10},"end":{"line":36,"column":34}},"21":{"start":{"line":38,"column":10},"end":{"line":38,"column":34}},"22":{"start":{"line":42,"column":6},"end":{"line":42,"column":26}}},"fnMap":{"0":{"name":"(anonymous_0)","decl":{"start":{"line":18,"column":23},"end":{"line":18,"column":24}},"loc":{"start":{"line":18,"column":34},"end":{"line":45,"column":1}}},"1":{"name":"(anonymous_1)","decl":{"start":{"line":19,"column":21},"end":{"line":19,"column":22}},"loc":{"start":{"line":19,"column":41},"end":{"line":44,"column":3}}},"2":{"name":"(anonymous_2)","decl":{"start":{"line":31,"column":35},"end":{"line":31,"column":37}},"loc":{"start":{"line":31,"column":40},"end":{"line":40,"column":7}}},"3":{"name":"(anonymous_3)","decl":{"start":{"line":34,"column":69},"end":{"line":34,"column":71}},"loc":{"start":{"line":34,"column":74},"end":{"line":39,"column":9}}}},"branchMap":{"0":{"loc":{"start":{"line":21,"column":6},"end":{"line":23,"column":7}},"type":"if","locations":[{"start":{"line":21,"column":6},"end":{"line":23,"column":7}},{"start":{"line":21,"column":6},"end":{"line":23,"column":7}}]}},"s":{"0":5,"1":5,"2":5,"3":5,"4":5,"5":5,"6":6,"7":6,"8":6,"9":1,"10":5,"11":5,"12":5,"13":5,"14":5,"15":5,"16":5,"17":5,"18":5,"19":5,"20":5,"21":5,"22":0},"f":{"0":6,"1":6,"2":5,"3":5},"b":{"0":[1,5]}}
,"/home/ramanathan/Documents/Contentstack/mongodb-content-driver/src/defaults.ts": {"path":"/home/ramanathan/Documents/Contentstack/mongodb-content-driver/src/defaults.ts","statementMap":{"0":{"start":{"line":1,"column":13},"end":{"line":16,"column":1}}},"fnMap":{},"branchMap":{},"s":{"0":6},"f":{},"b":{}}
,"/home/ramanathan/Documents/Contentstack/mongodb-content-driver/src/index.ts": {"path":"/home/ramanathan/Documents/Contentstack/mongodb-content-driver/src/index.ts","statementMap":{"0":{"start":{"line":1,"column":0},"end":{"line":1,"column":24}},"1":{"start":{"line":2,"column":0},"end":{"line":2,"column":29}},"2":{"start":{"line":3,"column":0},"end":{"line":3,"column":37}},"3":{"start":{"line":4,"column":0},"end":{"line":4,"column":52}},"4":{"start":{"line":5,"column":0},"end":{"line":5,"column":34}},"5":{"start":{"line":6,"column":0},"end":{"line":6,"column":40}},"6":{"start":{"line":8,"column":0},"end":{"line":11,"column":26}},"7":{"start":{"line":13,"column":14},"end":{"line":13,"column":35}},"8":{"start":{"line":15,"column":21},"end":{"line":15,"column":23}},"9":{"start":{"line":18,"column":13},"end":{"line":22,"column":1}},"10":{"start":{"line":19,"column":2},"end":{"line":19,"column":59}},"11":{"start":{"line":21,"column":2},"end":{"line":21,"column":35}},"12":{"start":{"line":24,"column":13},"end":{"line":27,"column":1}},"13":{"start":{"line":25,"column":2},"end":{"line":25,"column":35}},"14":{"start":{"line":26,"column":2},"end":{"line":26,"column":20}},"15":{"start":{"line":33,"column":13},"end":{"line":35,"column":1}},"16":{"start":{"line":34,"column":2},"end":{"line":34,"column":19}},"17":{"start":{"line":37,"column":13},"end":{"line":40,"column":1}},"18":{"start":{"line":39,"column":2},"end":{"line":39,"column":18}},"19":{"start":{"line":44,"column":13},"end":{"line":63,"column":1}},"20":{"start":{"line":46,"column":2},"end":{"line":62,"column":4}},"21":{"start":{"line":47,"column":4},"end":{"line":61,"column":5}},"22":{"start":{"line":48,"column":6},"end":{"line":48,"column":58}},"23":{"start":{"line":49,"column":6},"end":{"line":49,"column":31}},"24":{"start":{"line":50,"column":6},"end":{"line":50,"column":66}},"25":{"start":{"line":51,"column":6},"end":{"line":51,"column":60}},"26":{"start":{"line":52,"column":6},"end":{"line":52,"column":23}},"27":{"start":{"line":54,"column":6},"end":{"line":58,"column":22}},"28":{"start":{"line":55,"column":8},"end":{"line":55,"column":64}},"29":{"start":{"line":57,"column":8},"end":{"line":57,"column":35}},"30":{"start":{"line":60,"column":6},"end":{"line":60,"column":26}}},"fnMap":{"0":{"name":"(anonymous_1)","decl":{"start":{"line":18,"column":33},"end":{"line":18,"column":34}},"loc":{"start":{"line":18,"column":46},"end":{"line":22,"column":1}}},"1":{"name":"(anonymous_2)","decl":{"start":{"line":24,"column":25},"end":{"line":24,"column":26}},"loc":{"start":{"line":24,"column":36},"end":{"line":27,"column":1}}},"2":{"name":"(anonymous_3)","decl":{"start":{"line":33,"column":31},"end":{"line":33,"column":32}},"loc":{"start":{"line":33,"column":43},"end":{"line":35,"column":1}}},"3":{"name":"(anonymous_4)","decl":{"start":{"line":37,"column":25},"end":{"line":37,"column":27}},"loc":{"start":{"line":37,"column":30},"end":{"line":40,"column":1}}},"4":{"name":"(anonymous_5)","decl":{"start":{"line":44,"column":21},"end":{"line":44,"column":22}},"loc":{"start":{"line":44,"column":53},"end":{"line":63,"column":1}}},"5":{"name":"(anonymous_6)","decl":{"start":{"line":46,"column":21},"end":{"line":46,"column":22}},"loc":{"start":{"line":46,"column":41},"end":{"line":62,"column":3}}},"6":{"name":"(anonymous_7)","decl":{"start":{"line":54,"column":37},"end":{"line":54,"column":38}},"loc":{"start":{"line":54,"column":47},"end":{"line":58,"column":7}}}},"branchMap":{"0":{"loc":{"start":{"line":50,"column":31},"end":{"line":50,"column":40}},"type":"binary-expr","locations":[{"start":{"line":50,"column":31},"end":{"line":50,"column":40}},{"start":{"line":50,"column":44},"end":{"line":50,"column":66}}]}},"s":{"0":5,"1":5,"2":5,"3":5,"4":5,"5":5,"6":5,"7":5,"8":5,"9":5,"10":2,"11":2,"12":5,"13":1,"14":1,"15":5,"16":5,"17":5,"18":1,"19":5,"20":1,"21":1,"22":1,"23":1,"24":1,"25":1,"26":1,"27":1,"28":1,"29":1,"30":0},"f":{"0":2,"1":1,"2":5,"3":1,"4":1,"5":1,"6":1},"b":{"0":[1,1]}}
,"/home/ramanathan/Documents/Contentstack/mongodb-content-driver/src/mongodb.ts": {"path":"/home/ramanathan/Documents/Contentstack/mongodb-content-driver/src/mongodb.ts","statementMap":{"0":{"start":{"line":1,"column":0},"end":{"line":1,"column":24}},"1":{"start":{"line":2,"column":0},"end":{"line":6,"column":29}},"2":{"start":{"line":7,"column":0},"end":{"line":14,"column":26}},"3":{"start":{"line":16,"column":14},"end":{"line":16,"column":35}},"4":{"start":{"line":17,"column":12},"end":{"line":17,"column":16}},"5":{"start":{"line":26,"column":4},"end":{"line":32,"column":5}},"6":{"start":{"line":27,"column":6},"end":{"line":27,"column":37}},"7":{"start":{"line":28,"column":6},"end":{"line":28,"column":26}},"8":{"start":{"line":29,"column":6},"end":{"line":29,"column":34}},"9":{"start":{"line":30,"column":6},"end":{"line":30,"column":38}},"10":{"start":{"line":31,"column":6},"end":{"line":31,"column":18}},"11":{"start":{"line":34,"column":4},"end":{"line":34,"column":16}},"12":{"start":{"line":38,"column":4},"end":{"line":48,"column":6}},"13":{"start":{"line":39,"column":6},"end":{"line":47,"column":7}},"14":{"start":{"line":40,"column":8},"end":{"line":42,"column":9}},"15":{"start":{"line":41,"column":10},"end":{"line":41,"column":68}},"16":{"start":{"line":44,"column":8},"end":{"line":44,"column":66}},"17":{"start":{"line":46,"column":8},"end":{"line":46,"column":28}},"18":{"start":{"line":52,"column":4},"end":{"line":52,"column":57}},"19":{"start":{"line":54,"column":4},"end":{"line":79,"column":6}},"20":{"start":{"line":55,"column":6},"end":{"line":78,"column":7}},"21":{"start":{"line":56,"column":8},"end":{"line":56,"column":34}},"22":{"start":{"line":57,"column":8},"end":{"line":57,"column":29}},"23":{"start":{"line":59,"column":8},"end":{"line":75,"column":24}},"24":{"start":{"line":60,"column":10},"end":{"line":60,"column":65}},"25":{"start":{"line":61,"column":10},"end":{"line":74,"column":14}},"26":{"start":{"line":71,"column":14},"end":{"line":71,"column":69}},"27":{"start":{"line":73,"column":14},"end":{"line":73,"column":35}},"28":{"start":{"line":77,"column":8},"end":{"line":77,"column":28}},"29":{"start":{"line":83,"column":4},"end":{"line":83,"column":57}},"30":{"start":{"line":85,"column":4},"end":{"line":132,"column":6}},"31":{"start":{"line":86,"column":6},"end":{"line":131,"column":7}},"32":{"start":{"line":87,"column":8},"end":{"line":87,"column":34}},"33":{"start":{"line":88,"column":22},"end":{"line":93,"column":9}},"34":{"start":{"line":94,"column":28},"end":{"line":98,"column":9}},"35":{"start":{"line":99,"column":8},"end":{"line":99,"column":30}},"36":{"start":{"line":100,"column":8},"end":{"line":100,"column":42}},"37":{"start":{"line":102,"column":8},"end":{"line":128,"column":26}},"38":{"start":{"line":113,"column":12},"end":{"line":113,"column":63}},"39":{"start":{"line":115,"column":12},"end":{"line":127,"column":16}},"40":{"start":{"line":124,"column":16},"end":{"line":124,"column":79}},"41":{"start":{"line":126,"column":16},"end":{"line":126,"column":36}},"42":{"start":{"line":130,"column":8},"end":{"line":130,"column":28}},"43":{"start":{"line":136,"column":4},"end":{"line":146,"column":6}},"44":{"start":{"line":137,"column":6},"end":{"line":145,"column":7}},"45":{"start":{"line":138,"column":8},"end":{"line":140,"column":9}},"46":{"start":{"line":139,"column":10},"end":{"line":139,"column":70}},"47":{"start":{"line":142,"column":8},"end":{"line":142,"column":68}},"48":{"start":{"line":144,"column":8},"end":{"line":144,"column":28}},"49":{"start":{"line":150,"column":4},"end":{"line":162,"column":6}},"50":{"start":{"line":151,"column":6},"end":{"line":161,"column":7}},"51":{"start":{"line":152,"column":8},"end":{"line":156,"column":9}},"52":{"start":{"line":153,"column":10},"end":{"line":153,"column":67}},"53":{"start":{"line":154,"column":15},"end":{"line":156,"column":9}},"54":{"start":{"line":155,"column":10},"end":{"line":155,"column":73}},"55":{"start":{"line":158,"column":8},"end":{"line":158,"column":65}},"56":{"start":{"line":160,"column":8},"end":{"line":160,"column":28}},"57":{"start":{"line":166,"column":4},"end":{"line":172,"column":6}},"58":{"start":{"line":167,"column":6},"end":{"line":171,"column":7}},"59":{"start":{"line":168,"column":8},"end":{"line":168,"column":28}},"60":{"start":{"line":170,"column":8},"end":{"line":170,"column":28}},"61":{"start":{"line":176,"column":4},"end":{"line":182,"column":6}},"62":{"start":{"line":177,"column":6},"end":{"line":181,"column":7}},"63":{"start":{"line":178,"column":8},"end":{"line":178,"column":28}},"64":{"start":{"line":180,"column":8},"end":{"line":180,"column":28}},"65":{"start":{"line":186,"column":4},"end":{"line":186,"column":57}},"66":{"start":{"line":188,"column":4},"end":{"line":206,"column":6}},"67":{"start":{"line":189,"column":6},"end":{"line":205,"column":7}},"68":{"start":{"line":190,"column":8},"end":{"line":190,"column":34}},"69":{"start":{"line":192,"column":8},"end":{"line":202,"column":26}},"70":{"start":{"line":199,"column":12},"end":{"line":199,"column":50}},"71":{"start":{"line":201,"column":12},"end":{"line":201,"column":33}},"72":{"start":{"line":204,"column":8},"end":{"line":204,"column":28}},"73":{"start":{"line":210,"column":4},"end":{"line":210,"column":57}},"74":{"start":{"line":212,"column":4},"end":{"line":229,"column":6}},"75":{"start":{"line":213,"column":6},"end":{"line":228,"column":7}},"76":{"start":{"line":214,"column":8},"end":{"line":214,"column":34}},"77":{"start":{"line":216,"column":8},"end":{"line":225,"column":26}},"78":{"start":{"line":222,"column":12},"end":{"line":222,"column":50}},"79":{"start":{"line":224,"column":12},"end":{"line":224,"column":33}},"80":{"start":{"line":227,"column":8},"end":{"line":227,"column":28}},"81":{"start":{"line":233,"column":4},"end":{"line":233,"column":60}},"82":{"start":{"line":235,"column":4},"end":{"line":254,"column":6}},"83":{"start":{"line":236,"column":6},"end":{"line":253,"column":7}},"84":{"start":{"line":237,"column":8},"end":{"line":237,"column":37}},"85":{"start":{"line":239,"column":8},"end":{"line":250,"column":24}},"86":{"start":{"line":240,"column":10},"end":{"line":249,"column":14}},"87":{"start":{"line":246,"column":14},"end":{"line":246,"column":71}},"88":{"start":{"line":248,"column":14},"end":{"line":248,"column":35}},"89":{"start":{"line":252,"column":8},"end":{"line":252,"column":28}},"90":{"start":{"line":258,"column":4},"end":{"line":258,"column":57}},"91":{"start":{"line":260,"column":4},"end":{"line":281,"column":6}},"92":{"start":{"line":261,"column":6},"end":{"line":280,"column":7}},"93":{"start":{"line":262,"column":8},"end":{"line":262,"column":34}},"94":{"start":{"line":264,"column":8},"end":{"line":277,"column":24}},"95":{"start":{"line":265,"column":10},"end":{"line":276,"column":14}},"96":{"start":{"line":273,"column":14},"end":{"line":273,"column":68}},"97":{"start":{"line":275,"column":14},"end":{"line":275,"column":35}},"98":{"start":{"line":279,"column":8},"end":{"line":279,"column":28}},"99":{"start":{"line":285,"column":4},"end":{"line":285,"column":70}},"100":{"start":{"line":287,"column":4},"end":{"line":311,"column":6}},"101":{"start":{"line":288,"column":6},"end":{"line":310,"column":7}},"102":{"start":{"line":289,"column":8},"end":{"line":289,"column":46}},"103":{"start":{"line":291,"column":8},"end":{"line":307,"column":26}},"104":{"start":{"line":296,"column":12},"end":{"line":296,"column":81}},"105":{"start":{"line":298,"column":12},"end":{"line":306,"column":16}},"106":{"start":{"line":303,"column":16},"end":{"line":303,"column":94}},"107":{"start":{"line":305,"column":16},"end":{"line":305,"column":43}},"108":{"start":{"line":309,"column":8},"end":{"line":309,"column":28}},"109":{"start":{"line":19,"column":0},"end":{"line":313,"column":1}}},"fnMap":{"0":{"name":"(anonymous_1)","decl":{"start":{"line":25,"column":2},"end":{"line":25,"column":13}},"loc":{"start":{"line":25,"column":32},"end":{"line":35,"column":3}}},"1":{"name":"(anonymous_2)","decl":{"start":{"line":37,"column":9},"end":{"line":37,"column":15}},"loc":{"start":{"line":37,"column":21},"end":{"line":49,"column":3}}},"2":{"name":"(anonymous_3)","decl":{"start":{"line":38,"column":23},"end":{"line":38,"column":24}},"loc":{"start":{"line":38,"column":43},"end":{"line":48,"column":5}}},"3":{"name":"(anonymous_4)","decl":{"start":{"line":51,"column":9},"end":{"line":51,"column":20}},"loc":{"start":{"line":51,"column":26},"end":{"line":80,"column":3}}},"4":{"name":"(anonymous_5)","decl":{"start":{"line":54,"column":23},"end":{"line":54,"column":24}},"loc":{"start":{"line":54,"column":43},"end":{"line":79,"column":5}}},"5":{"name":"(anonymous_6)","decl":{"start":{"line":59,"column":55},"end":{"line":59,"column":56}},"loc":{"start":{"line":59,"column":65},"end":{"line":75,"column":9}}},"6":{"name":"(anonymous_7)","decl":{"start":{"line":70,"column":18},"end":{"line":70,"column":19}},"loc":{"start":{"line":70,"column":29},"end":{"line":74,"column":13}}},"7":{"name":"(anonymous_8)","decl":{"start":{"line":82,"column":9},"end":{"line":82,"column":20}},"loc":{"start":{"line":82,"column":26},"end":{"line":133,"column":3}}},"8":{"name":"(anonymous_9)","decl":{"start":{"line":85,"column":23},"end":{"line":85,"column":24}},"loc":{"start":{"line":85,"column":43},"end":{"line":132,"column":5}}},"9":{"name":"(anonymous_10)","decl":{"start":{"line":112,"column":16},"end":{"line":112,"column":17}},"loc":{"start":{"line":112,"column":39},"end":{"line":128,"column":11}}},"10":{"name":"(anonymous_11)","decl":{"start":{"line":123,"column":20},"end":{"line":123,"column":21}},"loc":{"start":{"line":123,"column":48},"end":{"line":127,"column":15}}},"11":{"name":"(anonymous_12)","decl":{"start":{"line":135,"column":9},"end":{"line":135,"column":17}},"loc":{"start":{"line":135,"column":23},"end":{"line":147,"column":3}}},"12":{"name":"(anonymous_13)","decl":{"start":{"line":136,"column":23},"end":{"line":136,"column":24}},"loc":{"start":{"line":136,"column":43},"end":{"line":146,"column":5}}},"13":{"name":"(anonymous_14)","decl":{"start":{"line":149,"column":9},"end":{"line":149,"column":14}},"loc":{"start":{"line":149,"column":20},"end":{"line":163,"column":3}}},"14":{"name":"(anonymous_15)","decl":{"start":{"line":150,"column":23},"end":{"line":150,"column":24}},"loc":{"start":{"line":150,"column":43},"end":{"line":162,"column":5}}},"15":{"name":"(anonymous_16)","decl":{"start":{"line":165,"column":9},"end":{"line":165,"column":12}},"loc":{"start":{"line":165,"column":18},"end":{"line":173,"column":3}}},"16":{"name":"(anonymous_17)","decl":{"start":{"line":166,"column":23},"end":{"line":166,"column":24}},"loc":{"start":{"line":166,"column":43},"end":{"line":172,"column":5}}},"17":{"name":"(anonymous_18)","decl":{"start":{"line":175,"column":9},"end":{"line":175,"column":15}},"loc":{"start":{"line":175,"column":21},"end":{"line":183,"column":3}}},"18":{"name":"(anonymous_19)","decl":{"start":{"line":176,"column":23},"end":{"line":176,"column":24}},"loc":{"start":{"line":176,"column":43},"end":{"line":182,"column":5}}},"19":{"name":"(anonymous_20)","decl":{"start":{"line":185,"column":10},"end":{"line":185,"column":23}},"loc":{"start":{"line":185,"column":30},"end":{"line":207,"column":3}}},"20":{"name":"(anonymous_21)","decl":{"start":{"line":188,"column":23},"end":{"line":188,"column":24}},"loc":{"start":{"line":188,"column":43},"end":{"line":206,"column":5}}},"21":{"name":"(anonymous_22)","decl":{"start":{"line":198,"column":16},"end":{"line":198,"column":17}},"loc":{"start":{"line":198,"column":27},"end":{"line":202,"column":11}}},"22":{"name":"(anonymous_23)","decl":{"start":{"line":209,"column":10},"end":{"line":209,"column":20}},"loc":{"start":{"line":209,"column":27},"end":{"line":230,"column":3}}},"23":{"name":"(anonymous_24)","decl":{"start":{"line":212,"column":23},"end":{"line":212,"column":24}},"loc":{"start":{"line":212,"column":43},"end":{"line":229,"column":5}}},"24":{"name":"(anonymous_25)","decl":{"start":{"line":221,"column":16},"end":{"line":221,"column":17}},"loc":{"start":{"line":221,"column":27},"end":{"line":225,"column":11}}},"25":{"name":"(anonymous_26)","decl":{"start":{"line":232,"column":10},"end":{"line":232,"column":23}},"loc":{"start":{"line":232,"column":30},"end":{"line":255,"column":3}}},"26":{"name":"(anonymous_27)","decl":{"start":{"line":235,"column":23},"end":{"line":235,"column":24}},"loc":{"start":{"line":235,"column":43},"end":{"line":254,"column":5}}},"27":{"name":"(anonymous_28)","decl":{"start":{"line":239,"column":57},"end":{"line":239,"column":59}},"loc":{"start":{"line":239,"column":62},"end":{"line":250,"column":9}}},"28":{"name":"(anonymous_29)","decl":{"start":{"line":245,"column":18},"end":{"line":245,"column":19}},"loc":{"start":{"line":245,"column":29},"end":{"line":249,"column":13}}},"29":{"name":"(anonymous_30)","decl":{"start":{"line":257,"column":10},"end":{"line":257,"column":20}},"loc":{"start":{"line":257,"column":27},"end":{"line":282,"column":3}}},"30":{"name":"(anonymous_31)","decl":{"start":{"line":260,"column":23},"end":{"line":260,"column":24}},"loc":{"start":{"line":260,"column":43},"end":{"line":281,"column":5}}},"31":{"name":"(anonymous_32)","decl":{"start":{"line":264,"column":54},"end":{"line":264,"column":56}},"loc":{"start":{"line":264,"column":59},"end":{"line":277,"column":9}}},"32":{"name":"(anonymous_33)","decl":{"start":{"line":272,"column":18},"end":{"line":272,"column":19}},"loc":{"start":{"line":272,"column":29},"end":{"line":276,"column":13}}},"33":{"name":"(anonymous_34)","decl":{"start":{"line":284,"column":10},"end":{"line":284,"column":26}},"loc":{"start":{"line":284,"column":39},"end":{"line":312,"column":3}}},"34":{"name":"(anonymous_35)","decl":{"start":{"line":287,"column":23},"end":{"line":287,"column":24}},"loc":{"start":{"line":287,"column":43},"end":{"line":311,"column":5}}},"35":{"name":"(anonymous_36)","decl":{"start":{"line":295,"column":16},"end":{"line":295,"column":17}},"loc":{"start":{"line":295,"column":40},"end":{"line":307,"column":11}}},"36":{"name":"(anonymous_37)","decl":{"start":{"line":302,"column":20},"end":{"line":302,"column":21}},"loc":{"start":{"line":302,"column":48},"end":{"line":306,"column":15}}}},"branchMap":{"0":{"loc":{"start":{"line":26,"column":4},"end":{"line":32,"column":5}},"type":"if","locations":[{"start":{"line":26,"column":4},"end":{"line":32,"column":5}},{"start":{"line":26,"column":4},"end":{"line":32,"column":5}}]},"1":{"loc":{"start":{"line":40,"column":8},"end":{"line":42,"column":9}},"type":"if","locations":[{"start":{"line":40,"column":8},"end":{"line":42,"column":9}},{"start":{"line":40,"column":8},"end":{"line":42,"column":9}}]},"2":{"loc":{"start":{"line":138,"column":8},"end":{"line":140,"column":9}},"type":"if","locations":[{"start":{"line":138,"column":8},"end":{"line":140,"column":9}},{"start":{"line":138,"column":8},"end":{"line":140,"column":9}}]},"3":{"loc":{"start":{"line":152,"column":8},"end":{"line":156,"column":9}},"type":"if","locations":[{"start":{"line":152,"column":8},"end":{"line":156,"column":9}},{"start":{"line":152,"column":8},"end":{"line":156,"column":9}}]},"4":{"loc":{"start":{"line":154,"column":15},"end":{"line":156,"column":9}},"type":"if","locations":[{"start":{"line":154,"column":15},"end":{"line":156,"column":9}},{"start":{"line":154,"column":15},"end":{"line":156,"column":9}}]}},"s":{"0":5,"1":5,"2":5,"3":5,"4":5,"5":4,"6":4,"7":4,"8":4,"9":4,"10":4,"11":4,"12":10,"13":10,"14":10,"15":3,"16":6,"17":1,"18":3,"19":3,"20":3,"21":3,"22":3,"23":3,"24":3,"25":3,"26":3,"27":3,"28":0,"29":6,"30":6,"31":6,"32":6,"33":6,"34":6,"35":6,"36":6,"37":6,"38":6,"39":6,"40":6,"41":6,"42":0,"43":3,"44":3,"45":3,"46":1,"47":1,"48":1,"49":4,"50":4,"51":4,"52":1,"53":2,"54":1,"55":1,"56":1,"57":0,"58":0,"59":0,"60":0,"61":0,"62":0,"63":0,"64":0,"65":1,"66":1,"67":1,"68":1,"69":1,"70":1,"71":1,"72":0,"73":1,"74":1,"75":1,"76":1,"77":1,"78":1,"79":1,"80":0,"81":1,"82":1,"83":1,"84":1,"85":1,"86":1,"87":1,"88":1,"89":0,"90":1,"91":1,"92":1,"93":1,"94":1,"95":1,"96":1,"97":1,"98":0,"99":1,"100":1,"101":1,"102":1,"103":1,"104":1,"105":1,"106":1,"107":1,"108":0,"109":5},"f":{"0":4,"1":10,"2":10,"3":3,"4":3,"5":3,"6":3,"7":6,"8":6,"9":6,"10":6,"11":3,"12":3,"13":4,"14":4,"15":0,"16":0,"17":0,"18":0,"19":1,"20":1,"21":1,"22":1,"23":1,"24":1,"25":1,"26":1,"27":1,"28":1,"29":1,"30":1,"31":1,"32":1,"33":1,"34":1,"35":1,"36":1},"b":{"0":[4,0],"1":[3,6],"2":[1,1],"3":[1,2],"4":[1,1]}}
,"/home/ramanathan/Documents/Contentstack/mongodb-content-driver/src/util/core-utilities.ts": {"path":"/home/ramanathan/Documents/Contentstack/mongodb-content-driver/src/util/core-utilities.ts","statementMap":{"0":{"start":{"line":1,"column":24},"end":{"line":1,"column":68}},"1":{"start":{"line":2,"column":24},"end":{"line":2,"column":68}},"2":{"start":{"line":3,"column":30},"end":{"line":3,"column":74}},"3":{"start":{"line":5,"column":13},"end":{"line":9,"column":1}},"4":{"start":{"line":6,"column":2},"end":{"line":8,"column":4}},"5":{"start":{"line":7,"column":4},"end":{"line":7,"column":21}},"6":{"start":{"line":11,"column":13},"end":{"line":15,"column":1}},"7":{"start":{"line":12,"column":2},"end":{"line":14,"column":4}},"8":{"start":{"line":13,"column":4},"end":{"line":13,"column":21}},"9":{"start":{"line":17,"column":13},"end":{"line":21,"column":1}},"10":{"start":{"line":18,"column":2},"end":{"line":20,"column":4}},"11":{"start":{"line":19,"column":4},"end":{"line":19,"column":27}}},"fnMap":{"0":{"name":"(anonymous_0)","decl":{"start":{"line":5,"column":31},"end":{"line":5,"column":32}},"loc":{"start":{"line":5,"column":41},"end":{"line":9,"column":1}}},"1":{"name":"(anonymous_1)","decl":{"start":{"line":6,"column":26},"end":{"line":6,"column":27}},"loc":{"start":{"line":6,"column":34},"end":{"line":8,"column":3}}},"2":{"name":"(anonymous_2)","decl":{"start":{"line":11,"column":31},"end":{"line":11,"column":32}},"loc":{"start":{"line":11,"column":41},"end":{"line":15,"column":1}}},"3":{"name":"(anonymous_3)","decl":{"start":{"line":12,"column":26},"end":{"line":12,"column":27}},"loc":{"start":{"line":12,"column":34},"end":{"line":14,"column":3}}},"4":{"name":"(anonymous_4)","decl":{"start":{"line":17,"column":37},"end":{"line":17,"column":38}},"loc":{"start":{"line":17,"column":53},"end":{"line":21,"column":1}}},"5":{"name":"(anonymous_5)","decl":{"start":{"line":18,"column":32},"end":{"line":18,"column":33}},"loc":{"start":{"line":18,"column":40},"end":{"line":20,"column":3}}}},"branchMap":{},"s":{"0":5,"1":5,"2":5,"3":5,"4":3,"5":12,"6":5,"7":6,"8":24,"9":5,"10":6,"11":24},"f":{"0":3,"1":12,"2":6,"3":24,"4":6,"5":24},"b":{}}
,"/home/ramanathan/Documents/Contentstack/mongodb-content-driver/src/util/logger.ts": {"path":"/home/ramanathan/Documents/Contentstack/mongodb-content-driver/src/util/logger.ts","statementMap":{"0":{"start":{"line":1,"column":0},"end":{"line":1,"column":45}},"1":{"start":{"line":9,"column":13},"end":{"line":21,"column":1}},"2":{"start":{"line":10,"column":2},"end":{"line":18,"column":3}},"3":{"start":{"line":11,"column":4},"end":{"line":11,"column":17}},"4":{"start":{"line":12,"column":9},"end":{"line":18,"column":3}},"5":{"start":{"line":13,"column":4},"end":{"line":13,"column":20}},"6":{"start":{"line":14,"column":4},"end":{"line":14,"column":42}},"7":{"start":{"line":16,"column":4},"end":{"line":16,"column":25}},"8":{"start":{"line":17,"column":4},"end":{"line":17,"column":61}},"9":{"start":{"line":20,"column":2},"end":{"line":20,"column":15}}},"fnMap":{"0":{"name":"(anonymous_0)","decl":{"start":{"line":9,"column":25},"end":{"line":9,"column":26}},"loc":{"start":{"line":9,"column":43},"end":{"line":21,"column":1}}}},"branchMap":{"0":{"loc":{"start":{"line":10,"column":2},"end":{"line":18,"column":3}},"type":"if","locations":[{"start":{"line":10,"column":2},"end":{"line":18,"column":3}},{"start":{"line":10,"column":2},"end":{"line":18,"column":3}}]},"1":{"loc":{"start":{"line":12,"column":9},"end":{"line":18,"column":3}},"type":"if","locations":[{"start":{"line":12,"column":9},"end":{"line":18,"column":3}},{"start":{"line":12,"column":9},"end":{"line":18,"column":3}}]},"2":{"loc":{"start":{"line":12,"column":13},"end":{"line":12,"column":42}},"type":"binary-expr","locations":[{"start":{"line":12,"column":13},"end":{"line":12,"column":42}},{"start":{"line":12,"column":46},"end":{"line":12,"column":59}}]}},"s":{"0":5,"1":5,"2":6,"3":1,"4":5,"5":5,"6":5,"7":0,"8":0,"9":5},"f":{"0":6},"b":{"0":[1,5],"1":[5,0],"2":[5,5]}}
,"/home/ramanathan/Documents/Contentstack/mongodb-content-driver/src/util/validations.ts": {"path":"/home/ramanathan/Documents/Contentstack/mongodb-content-driver/src/util/validations.ts","statementMap":{"0":{"start":{"line":1,"column":27},"end":{"line":1,"column":72}},"1":{"start":{"line":2,"column":27},"end":{"line":2,"column":64}},"2":{"start":{"line":4,"column":13},"end":{"line":11,"column":1}},"3":{"start":{"line":5,"column":2},"end":{"line":10,"column":3}},"4":{"start":{"line":7,"column":4},"end":{"line":7,"column":65}},"5":{"start":{"line":8,"column":9},"end":{"line":10,"column":3}},"6":{"start":{"line":9,"column":4},"end":{"line":9,"column":84}},"7":{"start":{"line":13,"column":13},"end":{"line":20,"column":1}},"8":{"start":{"line":14,"column":15},"end":{"line":14,"column":50}},"9":{"start":{"line":15,"column":2},"end":{"line":19,"column":4}},"10":{"start":{"line":16,"column":4},"end":{"line":18,"column":5}},"11":{"start":{"line":17,"column":6},"end":{"line":17,"column":82}},"12":{"start":{"line":22,"column":13},"end":{"line":30,"column":1}},"13":{"start":{"line":23,"column":2},"end":{"line":29,"column":3}},"14":{"start":{"line":24,"column":4},"end":{"line":24,"column":83}},"15":{"start":{"line":25,"column":9},"end":{"line":29,"column":3}},"16":{"start":{"line":26,"column":4},"end":{"line":26,"column":102}},"17":{"start":{"line":27,"column":9},"end":{"line":29,"column":3}},"18":{"start":{"line":28,"column":4},"end":{"line":28,"column":86}},"19":{"start":{"line":32,"column":13},"end":{"line":38,"column":1}},"20":{"start":{"line":33,"column":2},"end":{"line":37,"column":4}},"21":{"start":{"line":34,"column":4},"end":{"line":36,"column":5}},"22":{"start":{"line":35,"column":6},"end":{"line":35,"column":60}},"23":{"start":{"line":40,"column":13},"end":{"line":46,"column":1}},"24":{"start":{"line":41,"column":2},"end":{"line":45,"column":4}},"25":{"start":{"line":42,"column":4},"end":{"line":44,"column":5}},"26":{"start":{"line":43,"column":6},"end":{"line":43,"column":60}},"27":{"start":{"line":48,"column":13},"end":{"line":54,"column":1}},"28":{"start":{"line":49,"column":2},"end":{"line":53,"column":4}},"29":{"start":{"line":50,"column":4},"end":{"line":52,"column":5}},"30":{"start":{"line":51,"column":6},"end":{"line":51,"column":69}},"31":{"start":{"line":56,"column":13},"end":{"line":62,"column":1}},"32":{"start":{"line":57,"column":2},"end":{"line":61,"column":4}},"33":{"start":{"line":58,"column":4},"end":{"line":60,"column":5}},"34":{"start":{"line":59,"column":6},"end":{"line":59,"column":62}},"35":{"start":{"line":64,"column":13},"end":{"line":70,"column":1}},"36":{"start":{"line":65,"column":2},"end":{"line":69,"column":4}},"37":{"start":{"line":66,"column":4},"end":{"line":68,"column":5}},"38":{"start":{"line":67,"column":6},"end":{"line":67,"column":59}},"39":{"start":{"line":72,"column":13},"end":{"line":79,"column":1}},"40":{"start":{"line":73,"column":15},"end":{"line":73,"column":42}},"41":{"start":{"line":74,"column":2},"end":{"line":78,"column":4}},"42":{"start":{"line":75,"column":4},"end":{"line":77,"column":5}},"43":{"start":{"line":76,"column":6},"end":{"line":76,"column":66}},"44":{"start":{"line":85,"column":13},"end":{"line":99,"column":1}},"45":{"start":{"line":86,"column":13},"end":{"line":86,"column":18}},"46":{"start":{"line":87,"column":2},"end":{"line":89,"column":3}},"47":{"start":{"line":88,"column":4},"end":{"line":88,"column":15}},"48":{"start":{"line":90,"column":21},"end":{"line":90,"column":62}},"49":{"start":{"line":91,"column":2},"end":{"line":96,"column":4}},"50":{"start":{"line":92,"column":4},"end":{"line":95,"column":5}},"51":{"start":{"line":93,"column":6},"end":{"line":93,"column":103}},"52":{"start":{"line":94,"column":6},"end":{"line":94,"column":17}},"53":{"start":{"line":98,"column":2},"end":{"line":98,"column":14}}},"fnMap":{"0":{"name":"(anonymous_0)","decl":{"start":{"line":4,"column":30},"end":{"line":4,"column":31}},"loc":{"start":{"line":4,"column":41},"end":{"line":11,"column":1}}},"1":{"name":"(anonymous_1)","decl":{"start":{"line":13,"column":46},"end":{"line":13,"column":47}},"loc":{"start":{"line":13,"column":59},"end":{"line":20,"column":1}}},"2":{"name":"(anonymous_2)","decl":{"start":{"line":15,"column":15},"end":{"line":15,"column":16}},"loc":{"start":{"line":15,"column":22},"end":{"line":19,"column":3}}},"3":{"name":"(anonymous_3)","decl":{"start":{"line":22,"column":37},"end":{"line":22,"column":38}},"loc":{"start":{"line":22,"column":58},"end":{"line":30,"column":1}}},"4":{"name":"(anonymous_4)","decl":{"start":{"line":32,"column":36},"end":{"line":32,"column":37}},"loc":{"start":{"line":32,"column":46},"end":{"line":38,"column":1}}},"5":{"name":"(anonymous_5)","decl":{"start":{"line":33,"column":29},"end":{"line":33,"column":30}},"loc":{"start":{"line":33,"column":37},"end":{"line":37,"column":3}}},"6":{"name":"(anonymous_6)","decl":{"start":{"line":40,"column":36},"end":{"line":40,"column":37}},"loc":{"start":{"line":40,"column":46},"end":{"line":46,"column":1}}},"7":{"name":"(anonymous_7)","decl":{"start":{"line":41,"column":29},"end":{"line":41,"column":30}},"loc":{"start":{"line":41,"column":37},"end":{"line":45,"column":3}}},"8":{"name":"(anonymous_8)","decl":{"start":{"line":48,"column":35},"end":{"line":48,"column":36}},"loc":{"start":{"line":48,"column":45},"end":{"line":54,"column":1}}},"9":{"name":"(anonymous_9)","decl":{"start":{"line":49,"column":29},"end":{"line":49,"column":30}},"loc":{"start":{"line":49,"column":37},"end":{"line":53,"column":3}}},"10":{"name":"(anonymous_10)","decl":{"start":{"line":56,"column":38},"end":{"line":56,"column":39}},"loc":{"start":{"line":56,"column":48},"end":{"line":62,"column":1}}},"11":{"name":"(anonymous_11)","decl":{"start":{"line":57,"column":29},"end":{"line":57,"column":30}},"loc":{"start":{"line":57,"column":37},"end":{"line":61,"column":3}}},"12":{"name":"(anonymous_12)","decl":{"start":{"line":64,"column":35},"end":{"line":64,"column":36}},"loc":{"start":{"line":64,"column":45},"end":{"line":70,"column":1}}},"13":{"name":"(anonymous_13)","decl":{"start":{"line":65,"column":29},"end":{"line":65,"column":30}},"loc":{"start":{"line":65,"column":37},"end":{"line":69,"column":3}}},"14":{"name":"(anonymous_14)","decl":{"start":{"line":72,"column":41},"end":{"line":72,"column":42}},"loc":{"start":{"line":72,"column":57},"end":{"line":79,"column":1}}},"15":{"name":"(anonymous_15)","decl":{"start":{"line":74,"column":15},"end":{"line":74,"column":16}},"loc":{"start":{"line":74,"column":23},"end":{"line":78,"column":3}}},"16":{"name":"(anonymous_16)","decl":{"start":{"line":85,"column":30},"end":{"line":85,"column":31}},"loc":{"start":{"line":85,"column":43},"end":{"line":99,"column":1}}},"17":{"name":"(anonymous_17)","decl":{"start":{"line":91,"column":21},"end":{"line":91,"column":22}},"loc":{"start":{"line":91,"column":30},"end":{"line":96,"column":3}}}},"branchMap":{"0":{"loc":{"start":{"line":5,"column":2},"end":{"line":10,"column":3}},"type":"if","locations":[{"start":{"line":5,"column":2},"end":{"line":10,"column":3}},{"start":{"line":5,"column":2},"end":{"line":10,"column":3}}]},"1":{"loc":{"start":{"line":5,"column":6},"end":{"line":5,"column":61}},"type":"binary-expr","locations":[{"start":{"line":5,"column":6},"end":{"line":5,"column":61}},{"start":{"line":5,"column":65},"end":{"line":6,"column":9}}]},"2":{"loc":{"start":{"line":8,"column":9},"end":{"line":10,"column":3}},"type":"if","locations":[{"start":{"line":8,"column":9},"end":{"line":10,"column":3}},{"start":{"line":8,"column":9},"end":{"line":10,"column":3}}]},"3":{"loc":{"start":{"line":8,"column":13},"end":{"line":8,"column":64}},"type":"binary-expr","locations":[{"start":{"line":8,"column":13},"end":{"line":8,"column":64}},{"start":{"line":8,"column":68},"end":{"line":8,"column":112}}]},"4":{"loc":{"start":{"line":16,"column":4},"end":{"line":18,"column":5}},"type":"if","locations":[{"start":{"line":16,"column":4},"end":{"line":18,"column":5}},{"start":{"line":16,"column":4},"end":{"line":18,"column":5}}]},"5":{"loc":{"start":{"line":16,"column":8},"end":{"line":16,"column":25}},"type":"binary-expr","locations":[{"start":{"line":16,"column":8},"end":{"line":16,"column":25}},{"start":{"line":16,"column":29},"end":{"line":16,"column":63}}]},"6":{"loc":{"start":{"line":22,"column":52},"end":{"line":22,"column":54}},"type":"default-arg","locations":[{"start":{"line":22,"column":52},"end":{"line":22,"column":54}}]},"7":{"loc":{"start":{"line":23,"column":2},"end":{"line":29,"column":3}},"type":"if","locations":[{"start":{"line":23,"column":2},"end":{"line":29,"column":3}},{"start":{"line":23,"column":2},"end":{"line":29,"column":3}}]},"8":{"loc":{"start":{"line":23,"column":6},"end":{"line":23,"column":36}},"type":"binary-expr","locations":[{"start":{"line":23,"column":6},"end":{"line":23,"column":36}},{"start":{"line":23,"column":40},"end":{"line":23,"column":63}}]},"9":{"loc":{"start":{"line":25,"column":9},"end":{"line":29,"column":3}},"type":"if","locations":[{"start":{"line":25,"column":9},"end":{"line":29,"column":3}},{"start":{"line":25,"column":9},"end":{"line":29,"column":3}}]},"10":{"loc":{"start":{"line":25,"column":13},"end":{"line":25,"column":46}},"type":"binary-expr","locations":[{"start":{"line":25,"column":13},"end":{"line":25,"column":46}},{"start":{"line":25,"column":51},"end":{"line":25,"column":77}},{"start":{"line":25,"column":81},"end":{"line":25,"column":106}}]},"11":{"loc":{"start":{"line":27,"column":9},"end":{"line":29,"column":3}},"type":"if","locations":[{"start":{"line":27,"column":9},"end":{"line":29,"column":3}},{"start":{"line":27,"column":9},"end":{"line":29,"column":3}}]},"12":{"loc":{"start":{"line":27,"column":13},"end":{"line":27,"column":47}},"type":"binary-expr","locations":[{"start":{"line":27,"column":13},"end":{"line":27,"column":47}},{"start":{"line":27,"column":52},"end":{"line":27,"column":92}}]},"13":{"loc":{"start":{"line":34,"column":4},"end":{"line":36,"column":5}},"type":"if","locations":[{"start":{"line":34,"column":4},"end":{"line":36,"column":5}},{"start":{"line":34,"column":4},"end":{"line":36,"column":5}}]},"14":{"loc":{"start":{"line":42,"column":4},"end":{"line":44,"column":5}},"type":"if","locations":[{"start":{"line":42,"column":4},"end":{"line":44,"column":5}},{"start":{"line":42,"column":4},"end":{"line":44,"column":5}}]},"15":{"loc":{"start":{"line":50,"column":4},"end":{"line":52,"column":5}},"type":"if","locations":[{"start":{"line":50,"column":4},"end":{"line":52,"column":5}},{"start":{"line":50,"column":4},"end":{"line":52,"column":5}}]},"16":{"loc":{"start":{"line":58,"column":4},"end":{"line":60,"column":5}},"type":"if","locations":[{"start":{"line":58,"column":4},"end":{"line":60,"column":5}},{"start":{"line":58,"column":4},"end":{"line":60,"column":5}}]},"17":{"loc":{"start":{"line":66,"column":4},"end":{"line":68,"column":5}},"type":"if","locations":[{"start":{"line":66,"column":4},"end":{"line":68,"column":5}},{"start":{"line":66,"column":4},"end":{"line":68,"column":5}}]},"18":{"loc":{"start":{"line":75,"column":4},"end":{"line":77,"column":5}},"type":"if","locations":[{"start":{"line":75,"column":4},"end":{"line":77,"column":5}},{"start":{"line":75,"column":4},"end":{"line":77,"column":5}}]},"19":{"loc":{"start":{"line":87,"column":2},"end":{"line":89,"column":3}},"type":"if","locations":[{"start":{"line":87,"column":2},"end":{"line":89,"column":3}},{"start":{"line":87,"column":2},"end":{"line":89,"column":3}}]},"20":{"loc":{"start":{"line":92,"column":4},"end":{"line":95,"column":5}},"type":"if","locations":[{"start":{"line":92,"column":4},"end":{"line":95,"column":5}},{"start":{"line":92,"column":4},"end":{"line":95,"column":5}}]}},"s":{"0":6,"1":6,"2":6,"3":3,"4":1,"5":2,"6":1,"7":6,"8":2,"9":2,"10":5,"11":1,"12":6,"13":8,"14":1,"15":7,"16":1,"17":6,"18":1,"19":6,"20":3,"21":12,"22":0,"23":6,"24":6,"25":24,"26":0,"27":6,"28":2,"29":6,"30":0,"31":6,"32":1,"33":3,"34":0,"35":6,"36":1,"37":3,"38":0,"39":6,"40":1,"41":1,"42":2,"43":0,"44":6,"45":5,"46":5,"47":5,"48":0,"49":0,"50":0,"51":0,"52":0,"53":0},"f":{"0":3,"1":2,"2":5,"3":8,"4":3,"5":12,"6":6,"7":24,"8":2,"9":6,"10":1,"11":3,"12":1,"13":3,"14":1,"15":2,"16":5,"17":0},"b":{"0":[1,2],"1":[3,3],"2":[1,1],"3":[2,2],"4":[1,4],"5":[5,5],"6":[0],"7":[1,7],"8":[8,8],"9":[1,6],"10":[7,7,7],"11":[1,5],"12":[6,6],"13":[0,12],"14":[0,24],"15":[0,6],"16":[0,3],"17":[0,3],"18":[0,2],"19":[5,0],"20":[0,0]}}
}
